INFO:absl:Starting the local TPU driver.
INFO:absl:Unable to initialize backend 'tpu_driver': Not found: Unable to find driver in registry given worker: local://
INFO:absl:Unable to initialize backend 'tpu': Invalid argument: TpuPlatform is not available.
INFO:run_af2:Running JAX with 1 devices.
WARNING:query_utils:Inferring oligomeric state from sequences provided in sequences.csv.
INFO:run_af2:Queries have been parsed. 1 queries found.
INFO:run_af2:Raw inputs have been generated. Took 8.44 seconds.
INFO:absl:Launching subprocess "hhsearch -i /tmp/tmp7jh5rhs7/query.a3m -o /tmp/tmp7jh5rhs7/output.hhr -maxseq 1000000 -d outputs/mmseqs2_env/templates_101/pdb70"
INFO:absl:Started HHsearch query
INFO:absl:Finished HHsearch query in 0.414 seconds
INFO:absl:hit 6bgn_J did not pass prefilter: Template is an exact subsequence of query with large coverage. Length ratio: 1.0.
INFO:absl:Skipped invalid hit 6BGN_J 2-hydroxymuconate tautomerase (E.C.5.3.2.6); ISOMERASE; HET: NO3, GOL, 6Y5; 1.51A {Pseudomonas putida}, error: None, warning: None
INFO:absl:Found an exact template match 2op8_A.
INFO:absl:Found an exact template match 2opa_A.
INFO:absl:Found an exact template match 4fdx_A.
INFO:absl:Found an exact template match 4fdx_B.
INFO:absl:Found an exact template match 3ry0_A.
INFO:absl:Found an exact template match 3ry0_B.
INFO:absl:Found an exact template match 4faz_C.
INFO:absl:Found an exact template match 3ej3_B.
INFO:absl:Found an exact template match 3ej3_L.
INFO:absl:Found an exact template match 3ej9_D.
INFO:absl:Found an exact template match 6ogm_D.
INFO:absl:Found an exact template match 6ogm_J.
INFO:absl:Found an exact template match 3abf_A.
INFO:absl:Found an exact template match 2x4k_A.
INFO:absl:Found an exact template match 2orm_A.
INFO:absl:Found an exact template match 6vvn_A.
INFO:absl:Found an exact template match 6vvn_B.
INFO:absl:Found an exact template match 3m20_A.
INFO:absl:Found an exact template match 3m20_C.
INFO:absl:Found an exact template match 6vvn_A.
INFO:absl:Launching subprocess "hhsearch -i /tmp/tmpmx287r6_/query.a3m -o /tmp/tmpmx287r6_/output.hhr -maxseq 1000000 -d outputs/mmseqs2_env/templates_101/pdb70"
INFO:absl:Started HHsearch query
INFO:absl:Finished HHsearch query in 0.416 seconds
INFO:absl:hit 6bgn_J did not pass prefilter: Template is an exact subsequence of query with large coverage. Length ratio: 1.0.
INFO:absl:Skipped invalid hit 6BGN_J 2-hydroxymuconate tautomerase (E.C.5.3.2.6); ISOMERASE; HET: NO3, GOL, 6Y5; 1.51A {Pseudomonas putida}, error: None, warning: None
INFO:absl:Found an exact template match 2op8_A.
INFO:absl:Found an exact template match 2opa_A.
INFO:absl:Found an exact template match 4fdx_A.
INFO:absl:Found an exact template match 4fdx_B.
INFO:absl:Found an exact template match 3ry0_A.
INFO:absl:Found an exact template match 3ry0_B.
INFO:absl:Found an exact template match 4faz_C.
INFO:absl:Found an exact template match 3ej3_B.
INFO:absl:Found an exact template match 3ej3_L.
INFO:absl:Found an exact template match 3ej9_D.
INFO:absl:Found an exact template match 6ogm_D.
INFO:absl:Found an exact template match 6ogm_J.
INFO:absl:Found an exact template match 3abf_A.
INFO:absl:Found an exact template match 2x4k_A.
INFO:absl:Found an exact template match 2orm_A.
INFO:absl:Found an exact template match 6vvn_A.
INFO:absl:Found an exact template match 6vvn_B.
INFO:absl:Found an exact template match 3m20_A.
INFO:absl:Found an exact template match 3m20_C.
INFO:absl:Found an exact template match 6vvn_A.
INFO:run_af2:Features for query 0 have been generated. Took 2.812870979309082 seconds.
INFO:run_af2:Obtained model runner for model_1_multimer_v2.
INFO:absl:Running predict with shape(feat) = {'aatype': (100,), 'residue_index': (100,), 'seq_length': (), 'msa': (2048, 100), 'num_alignments': (), 'template_aatype': (4, 100), 'template_all_atom_mask': (4, 100, 37), 'template_all_atom_positions': (4, 100, 37, 3), 'asym_id': (100,), 'sym_id': (100,), 'entity_id': (100,), 'deletion_matrix': (2048, 100), 'deletion_mean': (100,), 'all_atom_mask': (100, 37), 'all_atom_positions': (100, 37, 3), 'assembly_num_chains': (), 'entity_mask': (100,), 'num_templates': (), 'cluster_bias_mask': (2048,), 'bert_mask': (2048, 100), 'seq_mask': (100,), 'msa_mask': (2048, 100)}
INFO:absl:Output shape was {'distogram': {'bin_edges': (63,), 'logits': (100, 100, 64)}, 'experimentally_resolved': {'logits': (100, 37)}, 'masked_msa': {'logits': (252, 100, 22)}, 'predicted_aligned_error': (100, 100), 'predicted_lddt': {'logits': (100, 50)}, 'structure_module': {'final_atom_mask': (100, 37), 'final_atom_positions': (100, 37, 3)}, 'plddt': (100,), 'aligned_confidence_probs': (100, 100, 64), 'max_predicted_aligned_error': (), 'ptm': (), 'iptm': (), 'ranking_confidence': ()}
INFO:run_af2:Structure prediction for model_1_multimer_v2, seed 0 is completed. Took 107.92281579971313 seconds.
INFO:run_af2:Unrelaxed protein pdb has been written.
INFO:run_af2:Results have been pickled and compressed.
INFO:run_af2:Overall prediction process took 121.3815507888794 seconds.
