INFO:absl:Starting the local TPU driver.
INFO:absl:Unable to initialize backend 'tpu_driver': Not found: Unable to find driver in registry given worker: local://
INFO:absl:Unable to initialize backend 'tpu': Invalid argument: TpuPlatform is not available.
INFO:run_af2:Running JAX with 1 devices.
WARNING:query_utils:Inferring oligomeric state from sequences provided in sequences.csv.
INFO:run_af2:Queries have been parsed. 1 queries found.
INFO:run_af2:Raw inputs have been generated. Took 11.36 seconds.
WARNING:features:AF2 is using an empty UniProt MSA. Results may not be as accurate. This will be changed in the future.
INFO:absl:Launching subprocess "hhsearch -i /tmp/tmpq8eoo_j1/query.a3m -o /tmp/tmpq8eoo_j1/output.hhr -maxseq 1000000 -d outputs/mmseqs2_env/templates_101/pdb70"
INFO:absl:Started HHsearch query
INFO:absl:Finished HHsearch query in 0.411 seconds
INFO:absl:hit 6bgn_J did not pass prefilter: Template is an exact subsequence of query with large coverage. Length ratio: 1.0.
INFO:absl:Skipped invalid hit 6BGN_J 2-hydroxymuconate tautomerase (E.C.5.3.2.6); ISOMERASE; HET: NO3, GOL, 6Y5; 1.51A {Pseudomonas putida}, error: None, warning: None
INFO:absl:Found an exact template match 2op8_A.
INFO:absl:Found an exact template match 2opa_A.
INFO:absl:Found an exact template match 4fdx_A.
INFO:absl:Found an exact template match 4fdx_B.
INFO:absl:Found an exact template match 3ry0_A.
INFO:absl:Found an exact template match 3ry0_B.
INFO:absl:Found an exact template match 4faz_C.
INFO:absl:Found an exact template match 3ej3_B.
INFO:absl:Found an exact template match 3ej3_L.
INFO:absl:Found an exact template match 3ej9_D.
INFO:absl:Found an exact template match 6ogm_D.
INFO:absl:Found an exact template match 6ogm_J.
INFO:absl:Found an exact template match 3abf_A.
INFO:absl:Found an exact template match 2x4k_A.
INFO:absl:Found an exact template match 2orm_A.
INFO:absl:Found an exact template match 6vvn_A.
INFO:absl:Found an exact template match 6vvn_B.
INFO:absl:Found an exact template match 3m20_A.
INFO:absl:Found an exact template match 3m20_C.
INFO:absl:Found an exact template match 6vvn_A.
WARNING:features:AF2 is using an empty UniProt MSA. Results may not be as accurate. This will be changed in the future.
INFO:absl:Launching subprocess "hhsearch -i /tmp/tmpmztnbflw/query.a3m -o /tmp/tmpmztnbflw/output.hhr -maxseq 1000000 -d outputs/mmseqs2_env/templates_102/pdb70"
INFO:absl:Started HHsearch query
INFO:absl:Finished HHsearch query in 0.411 seconds
INFO:absl:hit 6bgn_J did not pass prefilter: Template is an exact subsequence of query with large coverage. Length ratio: 1.0.
INFO:absl:Skipped invalid hit 6BGN_J 2-hydroxymuconate tautomerase (E.C.5.3.2.6); ISOMERASE; HET: NO3, GOL, 6Y5; 1.51A {Pseudomonas putida}, error: None, warning: None
INFO:absl:Found an exact template match 2op8_A.
INFO:absl:Found an exact template match 2opa_A.
INFO:absl:Found an exact template match 3ry0_A.
INFO:absl:Found an exact template match 3ry0_B.
INFO:absl:Found an exact template match 3ej3_B.
INFO:absl:Found an exact template match 3ej3_L.
INFO:absl:Found an exact template match 3ej9_D.
INFO:absl:Found an exact template match 6ogm_D.
INFO:absl:Found an exact template match 6ogm_J.
INFO:absl:Found an exact template match 3abf_A.
INFO:absl:Found an exact template match 2x4k_A.
INFO:absl:Found an exact template match 3mb2_A.
INFO:absl:Found an exact template match 3mb2_C.
INFO:absl:Found an exact template match 3gac_B.
INFO:absl:Found an exact template match 3gad_C.
INFO:absl:Found an exact template match 3t5s_A.
INFO:absl:Found an exact template match 5uif_B.
INFO:absl:Found an exact template match 4grn_C.
INFO:absl:Found an exact template match 3gac_B.
INFO:absl:Found an exact template match 3gad_C.
INFO:run_af2:Features for query 0 have been generated. Took 4.360827445983887 seconds.
INFO:run_af2:Obtained model runner for model_1_multimer_v1.
INFO:absl:Running predict with shape(feat) = {'aatype': (90,), 'residue_index': (90,), 'seq_length': (), 'msa': (4095, 90), 'num_alignments': (), 'template_aatype': (4, 90), 'template_all_atom_mask': (4, 90, 37), 'template_all_atom_positions': (4, 90, 37, 3), 'asym_id': (90,), 'sym_id': (90,), 'entity_id': (90,), 'deletion_matrix': (4095, 90), 'deletion_mean': (90,), 'all_atom_mask': (90, 37), 'all_atom_positions': (90, 37, 3), 'assembly_num_chains': (), 'entity_mask': (90,), 'num_templates': (), 'cluster_bias_mask': (4095,), 'bert_mask': (4095, 90), 'seq_mask': (90,), 'msa_mask': (4095, 90)}
INFO:absl:Output shape was {'distogram': {'bin_edges': (63,), 'logits': (90, 90, 64)}, 'experimentally_resolved': {'logits': (90, 37)}, 'masked_msa': {'logits': (252, 90, 22)}, 'predicted_aligned_error': (90, 90), 'predicted_lddt': {'logits': (90, 50)}, 'structure_module': {'final_atom_mask': (90, 37), 'final_atom_positions': (90, 37, 3)}, 'plddt': (90,), 'aligned_confidence_probs': (90, 90, 64), 'max_predicted_aligned_error': (), 'ptm': (), 'iptm': (), 'ranking_confidence': ()}
INFO:run_af2:Structure prediction for model_1_multimer_v1, seed 0 is completed. Took 115.67705726623535 seconds.
INFO:run_af2:Unrelaxed protein pdb has been written.
INFO:run_af2:Results have been pickled and compressed.
INFO:run_af2:Overall prediction process took 132.69167518615723 seconds.
